<?xml version="1.0" encoding="UTF-8"?>
<!-- Generated by org.testng.reporters.JUnitReportReporter -->
<testsuite hostname="LAPTOP-TJSOCBU4" failures="0" tests="1" name="Cucumber.TestNGTestRunner" time="18.753" errors="0" timestamp="2024-11-04T13:22:59 IST" skipped="0">
  <testcase classname="Cucumber.TestNGTestRunner" name="runScenario" time="18.753"/>
</testsuite> <!-- Cucumber.TestNGTestRunner -->
