<?xml version="1.0" encoding="UTF-8"?>
<!-- Generated by org.testng.reporters.JUnitReportReporter -->
<testsuite hostname="LAPTOP-TJSOCBU4" failures="0" tests="4" name="Automation.tests.SubmitOrdderTest" time="80.824" errors="0" timestamp="2024-10-27T21:03:57 IST" skipped="1">
  <testcase classname="Automation.tests.SubmitOrdderTest" name="submitOrder" time="31.542"/>
  <testcase classname="Automation.tests.SubmitOrdderTest" name="OrderHistoryTest" time="10.227"/>
  <testcase classname="Automation.tests.SubmitOrdderTest" name="submitOrder" time="5.447">
    <skipped/>
  </testcase> <!-- submitOrder -->
  <testcase classname="Automation.tests.SubmitOrdderTest" name="submitOrder" time="33.608"/>
</testsuite> <!-- Automation.tests.SubmitOrdderTest -->
