<?xml version="1.0" encoding="UTF-8"?>
<!-- Generated by org.testng.reporters.JUnitReportReporter -->
<testsuite hostname="LAPTOP-TJSOCBU4" failures="0" tests="1" name="Cucumber.TestNGTestRunner" time="22.986" errors="0" timestamp="2024-11-04T13:33:43 IST" skipped="0">
  <testcase classname="Cucumber.TestNGTestRunner" name="runScenario" time="22.986"/>
</testsuite> <!-- Cucumber.TestNGTestRunner -->
