<?xml version="1.0" encoding="UTF-8"?>
<!-- Generated by org.testng.reporters.JUnitReportReporter -->
<testsuite hostname="LAPTOP-TJSOCBU4" failures="0" tests="3" name="Automation.tests.SubmitOrdderTest" time="58.068" errors="0" timestamp="2024-11-02T11:34:33 IST" skipped="0">
  <testcase classname="Automation.tests.SubmitOrdderTest" name="OrderHistoryTest" time="10.412"/>
  <testcase classname="Automation.tests.SubmitOrdderTest" name="submitOrder" time="24.536"/>
  <testcase classname="Automation.tests.SubmitOrdderTest" name="submitOrder" time="23.120"/>
</testsuite> <!-- Automation.tests.SubmitOrdderTest -->
